27-09-2017 17:02:20: EXCESS RELEASE OF FONT Segoe UI[ hFont : 0] ( nCount : 0 )
	 <-TFONT:END(285) <-TAPPLICATION:ACTIVATE(279) <-MAIN(30)
	------------------------------------------------------------	
12-01-2018 16:01:17: EXCESS RELEASE OF FONT Segoe UI[ hFont : 0] ( nCount : 0 )
	 <-TFONT:END(285) <-TAPPLICATION:ACTIVATE(279) <-MAIN(30)
	------------------------------------------------------------	
12-01-2018 16:01:23: EXCESS RELEASE OF FONT Segoe UI[ hFont : 0] ( nCount : 0 )
	 <-TFONT:END(285) <-TAPPLICATION:ACTIVATE(279) <-MAIN(30)
	------------------------------------------------------------	
12-01-2018 16:02:41: EXCESS RELEASE OF FONT Segoe UI[ hFont : 0] ( nCount : 0 )
	 <-TFONT:END(285) <-TAPPLICATION:ACTIVATE(279) <-MAIN(30)
	------------------------------------------------------------	
05-04-2018 17:31:45: EXCESS RELEASE OF FONT Segoe UI[ hFont : 0] ( nCount : 0 )
	 <-TFONT:END(285) <-TMSGITEM:END(392) <-(b)TMSGBAR_DESTROY(300) <-AEVAL(0) <-TMSGBAR:DESTROY(300) <-TWINDOW:HANDLEEVENT(0) <-TMSGBAR:HANDLEEVENT(1731) <-_FWH(3325) <-WINRUN(0)
	------------------------------------------------------------	
05-04-2018 17:31:45: EXCESS RELEASE OF FONT Segoe UI[ hFont : 0] ( nCount : -1 )
	 <-TFONT:END(285) <-TCONTROL:DESTROY(2139) <-TMSGBAR:DESTROY(311) <-TWINDOW:HANDLEEVENT(0) <-TMSGBAR:HANDLEEVENT(1731) <-_FWH(3325) <-WINRUN(0) <-TWINDOW:ACTIVATE(1036) <-TAPPLICATION:ACTIVATE(271)
	------------------------------------------------------------	
05-04-2018 17:31:45: EXCESS RELEASE OF FONT Segoe UI[ hFont : 0] ( nCount : -2 )
	 <-TFONT:END(285) <-TAPPLICATION:ACTIVATE(279) <-MAIN(30)
	------------------------------------------------------------	
14-08-2018 12:38:34: EXCESS RELEASE OF FONT Segoe UI[ hFont : 0] ( nCount : 0 )
	 <-TFONT:END(285) <-TMSGITEM:END(392) <-(b)TMSGBAR_DESTROY(300) <-AEVAL(0) <-TMSGBAR:DESTROY(300) <-TWINDOW:HANDLEEVENT(0) <-TMSGBAR:HANDLEEVENT(1731) <-_FWH(3325) <-WINRUN(0)
	------------------------------------------------------------	
14-08-2018 12:38:34: EXCESS RELEASE OF FONT Segoe UI[ hFont : 0] ( nCount : -1 )
	 <-TFONT:END(285) <-TCONTROL:DESTROY(2139) <-TMSGBAR:DESTROY(311) <-TWINDOW:HANDLEEVENT(0) <-TMSGBAR:HANDLEEVENT(1731) <-_FWH(3325) <-WINRUN(0) <-TWINDOW:ACTIVATE(1036) <-TAPPLICATION:ACTIVATE(269)
	------------------------------------------------------------	
14-08-2018 12:38:34: EXCESS RELEASE OF FONT Segoe UI[ hFont : 0] ( nCount : -2 )
	 <-TFONT:END(285) <-TAPPLICATION:ACTIVATE(277) <-MAIN(30)
	------------------------------------------------------------	
14-08-2018 12:46:45: EXCESS RELEASE OF FONT MS Shell Dlg[ hFont : 0] ( nCount : 0 )
	 <-TFONT:END(285) <-TCONTROL:DESTROY(2139) <-TMSGBAR:DESTROY(311) <-TWINDOW:HANDLEEVENT(0) <-TMSGBAR:HANDLEEVENT(1731) <-_FWH(3325) <-WINRUN(0) <-TWINDOW:ACTIVATE(1036) <-TAPPLICATION:ACTIVATE(264)
	------------------------------------------------------------	
14-08-2018 12:46:45: EXCESS RELEASE OF FONT MS Shell Dlg[ hFont : 0] ( nCount : -1 )
	 <-TFONT:END(285) <-TAPPLICATION:ACTIVATE(272) <-MAIN(30)
	------------------------------------------------------------	
14-08-2018 12:52:02: EXCESS RELEASE OF FONT MS Shell Dlg[ hFont : 0] ( nCount : 0 )
	 <-TFONT:END(285) <-TCONTROL:DESTROY(2139) <-TMSGBAR:DESTROY(311) <-TWINDOW:HANDLEEVENT(0) <-TMSGBAR:HANDLEEVENT(1731) <-_FWH(3325) <-WINRUN(0) <-TWINDOW:ACTIVATE(1036) <-TAPPLICATION:ACTIVATE(264)
	------------------------------------------------------------	
14-08-2018 12:52:02: EXCESS RELEASE OF FONT MS Shell Dlg[ hFont : 0] ( nCount : -1 )
	 <-TFONT:END(285) <-TAPPLICATION:ACTIVATE(272) <-MAIN(30)
	------------------------------------------------------------	
14-08-2018 12:52:48: EXCESS RELEASE OF FONT MS Shell Dlg[ hFont : 0] ( nCount : 0 )
	 <-TFONT:END(285) <-TCONTROL:DESTROY(2139) <-TMSGBAR:DESTROY(311) <-TWINDOW:HANDLEEVENT(0) <-TMSGBAR:HANDLEEVENT(1731) <-_FWH(3325) <-WINRUN(0) <-TWINDOW:ACTIVATE(1036) <-TAPPLICATION:ACTIVATE(264)
	------------------------------------------------------------	
14-08-2018 12:52:48: EXCESS RELEASE OF FONT MS Shell Dlg[ hFont : 0] ( nCount : -1 )
	 <-TFONT:END(285) <-TAPPLICATION:ACTIVATE(272) <-MAIN(30)
	------------------------------------------------------------	
14-08-2018 13:26:06: EXCESS RELEASE OF FONT MS Shell Dlg[ hFont : 0] ( nCount : 0 )
	 <-TFONT:END(285) <-TCONTROL:DESTROY(2139) <-TMSGBAR:DESTROY(311) <-TWINDOW:HANDLEEVENT(0) <-TMSGBAR:HANDLEEVENT(1731) <-_FWH(3325) <-WINRUN(0) <-TWINDOW:ACTIVATE(1036) <-TAPPLICATION:ACTIVATE(264)
	------------------------------------------------------------	
14-08-2018 13:26:06: EXCESS RELEASE OF FONT MS Shell Dlg[ hFont : 0] ( nCount : -1 )
	 <-TFONT:END(285) <-TAPPLICATION:ACTIVATE(272) <-MAIN(30)
	------------------------------------------------------------	
14-08-2018 13:34:28: EXCESS RELEASE OF FONT MS Shell Dlg[ hFont : 0] ( nCount : 0 )
	 <-TFONT:END(285) <-TMSGITEM:END(392) <-(b)TMSGBAR_DESTROY(300) <-AEVAL(0) <-TMSGBAR:DESTROY(300) <-TWINDOW:HANDLEEVENT(0) <-TMSGBAR:HANDLEEVENT(1731) <-_FWH(3325) <-WINRUN(0)
	------------------------------------------------------------	
14-08-2018 13:34:28: EXCESS RELEASE OF FONT MS Shell Dlg[ hFont : 0] ( nCount : -1 )
	 <-TFONT:END(285) <-TCONTROL:DESTROY(2139) <-TMSGBAR:DESTROY(311) <-TWINDOW:HANDLEEVENT(0) <-TMSGBAR:HANDLEEVENT(1731) <-_FWH(3325) <-WINRUN(0) <-TWINDOW:ACTIVATE(1036) <-TAPPLICATION:ACTIVATE(264)
	------------------------------------------------------------	
14-08-2018 13:34:28: EXCESS RELEASE OF FONT MS Shell Dlg[ hFont : 0] ( nCount : -2 )
	 <-TFONT:END(285) <-TAPPLICATION:ACTIVATE(272) <-MAIN(30)
	------------------------------------------------------------	
14-08-2018 13:34:59: EXCESS RELEASE OF FONT MS Shell Dlg[ hFont : 0] ( nCount : 0 )
	 <-TFONT:END(285) <-TCONTROL:DESTROY(2139) <-TMSGBAR:DESTROY(311) <-TWINDOW:HANDLEEVENT(0) <-TMSGBAR:HANDLEEVENT(1731) <-_FWH(3325) <-WINRUN(0) <-TWINDOW:ACTIVATE(1036) <-TAPPLICATION:ACTIVATE(264)
	------------------------------------------------------------	
14-08-2018 13:34:59: EXCESS RELEASE OF FONT MS Shell Dlg[ hFont : 0] ( nCount : -1 )
	 <-TFONT:END(285) <-TAPPLICATION:ACTIVATE(272) <-MAIN(30)
	------------------------------------------------------------	
15-08-2018 10:27:17: EXCESS RELEASE OF FONT MS Shell Dlg[ hFont : 0] ( nCount : 0 )
	 <-TFONT:END(285) <-TCONTROL:DESTROY(2139) <-TMSGBAR:DESTROY(311) <-TWINDOW:HANDLEEVENT(0) <-TMSGBAR:HANDLEEVENT(1731) <-_FWH(3325) <-WINRUN(0) <-TWINDOW:ACTIVATE(1036) <-TAPPLICATION:ACTIVATE(264)
	------------------------------------------------------------	
15-08-2018 10:27:17: EXCESS RELEASE OF FONT MS Shell Dlg[ hFont : 0] ( nCount : -1 )
	 <-TFONT:END(285) <-TAPPLICATION:ACTIVATE(272) <-MAIN(30)
	------------------------------------------------------------	
23-08-2018 10:08:11: EXCESS RELEASE OF FONT MS Shell Dlg[ hFont : 0] ( nCount : 0 )
	 <-TFONT:END(285) <-TCONTROL:DESTROY(2139) <-TMSGBAR:DESTROY(311) <-TWINDOW:HANDLEEVENT(0) <-TMSGBAR:HANDLEEVENT(1731) <-_FWH(3325) <-WINRUN(0) <-TWINDOW:ACTIVATE(1036) <-TAPPLICATION:ACTIVATE(264)
	------------------------------------------------------------	
23-08-2018 10:08:11: EXCESS RELEASE OF FONT MS Shell Dlg[ hFont : 0] ( nCount : -1 )
	 <-TFONT:END(285) <-TAPPLICATION:ACTIVATE(272) <-MAIN(30)
	------------------------------------------------------------	
26-09-2018 16:24:57: EXCESS RELEASE OF FONT MS Shell Dlg[ hFont : 0] ( nCount : 0 )
	 <-TFONT:END(285) <-TCONTROL:DESTROY(2139) <-TMSGBAR:DESTROY(311) <-TWINDOW:HANDLEEVENT(0) <-TMSGBAR:HANDLEEVENT(1731) <-_FWH(3325) <-WINRUN(0) <-TWINDOW:ACTIVATE(1036) <-TAPPLICATION:ACTIVATE(263)
	------------------------------------------------------------	
26-09-2018 16:24:57: EXCESS RELEASE OF FONT MS Shell Dlg[ hFont : 0] ( nCount : -1 )
	 <-TFONT:END(285) <-TAPPLICATION:ACTIVATE(264) <-MAIN(30)
	------------------------------------------------------------	
26-09-2018 16:52:46: EXCESS RELEASE OF FONT MS Shell Dlg[ hFont : 0] ( nCount : 0 )
	 <-TFONT:END(285) <-TCONTROL:DESTROY(2139) <-TMSGBAR:DESTROY(311) <-TWINDOW:HANDLEEVENT(0) <-TMSGBAR:HANDLEEVENT(1731) <-_FWH(3325) <-WINRUN(0) <-TWINDOW:ACTIVATE(1036) <-TAPPLICATION:ACTIVATE(264)
	------------------------------------------------------------	
26-09-2018 16:52:46: EXCESS RELEASE OF FONT MS Shell Dlg[ hFont : 0] ( nCount : -1 )
	 <-TFONT:END(285) <-TAPPLICATION:ACTIVATE(265) <-MAIN(30)
	------------------------------------------------------------	
26-09-2018 17:07:55: EXCESS RELEASE OF FONT MS Shell Dlg[ hFont : 0] ( nCount : 0 )
	 <-TFONT:END(285) <-TCONTROL:DESTROY(2139) <-TMSGBAR:DESTROY(311) <-TWINDOW:HANDLEEVENT(0) <-TMSGBAR:HANDLEEVENT(1731) <-_FWH(3325) <-WINRUN(0) <-TWINDOW:ACTIVATE(1036) <-TAPPLICATION:ACTIVATE(264)
	------------------------------------------------------------	
26-09-2018 17:07:55: EXCESS RELEASE OF FONT MS Shell Dlg[ hFont : 0] ( nCount : -1 )
	 <-TFONT:END(285) <-TAPPLICATION:ACTIVATE(265) <-MAIN(30)
	------------------------------------------------------------	
26-09-2018 17:35:05: EXCESS RELEASE OF FONT MS Shell Dlg[ hFont : 0] ( nCount : 0 )
	 <-TFONT:END(285) <-TAPPLICATION:ACTIVATE(265) <-MAIN(30)
	------------------------------------------------------------	
26-09-2018 17:48:47: EXCESS RELEASE OF FONT MS Shell Dlg[ hFont : 0] ( nCount : 0 )
	 <-TFONT:END(285) <-TCONTROL:DESTROY(2139) <-TMSGBAR:DESTROY(311) <-TWINDOW:HANDLEEVENT(0) <-TMSGBAR:HANDLEEVENT(1731) <-_FWH(3325) <-WINRUN(0) <-TWINDOW:ACTIVATE(1036) <-TAPPLICATION:ACTIVATE(264)
	------------------------------------------------------------	
26-09-2018 17:48:47: EXCESS RELEASE OF FONT MS Shell Dlg[ hFont : 0] ( nCount : -1 )
	 <-TFONT:END(285) <-TAPPLICATION:ACTIVATE(265) <-MAIN(30)
	------------------------------------------------------------	
26-09-2018 17:50:13: EXCESS RELEASE OF FONT MS Shell Dlg[ hFont : 0] ( nCount : 0 )
	 <-TFONT:END(285) <-TCONTROL:DESTROY(2139) <-TMSGBAR:DESTROY(311) <-TWINDOW:HANDLEEVENT(0) <-TMSGBAR:HANDLEEVENT(1731) <-_FWH(3325) <-WINRUN(0) <-TWINDOW:ACTIVATE(1036) <-TAPPLICATION:ACTIVATE(264)
	------------------------------------------------------------	
26-09-2018 17:50:13: EXCESS RELEASE OF FONT MS Shell Dlg[ hFont : 0] ( nCount : -1 )
	 <-TFONT:END(285) <-TAPPLICATION:ACTIVATE(265) <-MAIN(30)
	------------------------------------------------------------	
26-09-2018 19:29:40: EXCESS RELEASE OF FONT MS Shell Dlg[ hFont : 0] ( nCount : 0 )
	 <-TFONT:END(285) <-TCONTROL:DESTROY(2139) <-TMSGBAR:DESTROY(311) <-TWINDOW:HANDLEEVENT(0) <-TMSGBAR:HANDLEEVENT(1731) <-_FWH(3325) <-WINRUN(0) <-TWINDOW:ACTIVATE(1036) <-TAPPLICATION:ACTIVATE(264)
	------------------------------------------------------------	
26-09-2018 19:29:40: EXCESS RELEASE OF FONT MS Shell Dlg[ hFont : 0] ( nCount : -1 )
	 <-TFONT:END(285) <-TAPPLICATION:ACTIVATE(265) <-MAIN(30)
	------------------------------------------------------------	
26-09-2018 19:32:07: EXCESS RELEASE OF FONT MS Shell Dlg[ hFont : 0] ( nCount : 0 )
	 <-TFONT:END(285) <-TCONTROL:DESTROY(2139) <-TMSGBAR:DESTROY(311) <-TWINDOW:HANDLEEVENT(0) <-TMSGBAR:HANDLEEVENT(1731) <-_FWH(3325) <-SYSREFRESH(0) <-SYSWAIT(455) <-(b)REGISTRAME(1474)
	------------------------------------------------------------	
26-09-2018 19:32:11: EXCESS RELEASE OF FONT MS Shell Dlg[ hFont : 0] ( nCount : -1 )
	 <-TFONT:END(285) <-TAPPLICATION:ACTIVATE(265) <-MAIN(30)
	------------------------------------------------------------	
26-10-2018 18:46:40: EXCESS RELEASE OF FONT MS Shell Dlg[ hFont : 0] ( nCount : 0 )
	 <-TFONT:END(285) <-TCONTROL:DESTROY(2139) <-TMSGBAR:DESTROY(311) <-TWINDOW:HANDLEEVENT(0) <-TMSGBAR:HANDLEEVENT(1731) <-_FWH(3325) <-WINRUN(0) <-TWINDOW:ACTIVATE(1036) <-TAPPLICATION:ACTIVATE(264)
	------------------------------------------------------------	
26-10-2018 18:46:40: EXCESS RELEASE OF FONT MS Shell Dlg[ hFont : 0] ( nCount : -1 )
	 <-TFONT:END(285) <-TAPPLICATION:ACTIVATE(265) <-MAIN(30)
	------------------------------------------------------------	
04-03-2019 10:45:36: EXCESS RELEASE OF FONT MS Shell Dlg[ hFont : 0] ( nCount : 0 )
	 <-TFONT:END(285) <-TCONTROL:DESTROY(2139) <-TMSGBAR:DESTROY(311) <-TWINDOW:HANDLEEVENT(0) <-TMSGBAR:HANDLEEVENT(1731) <-_FWH(3325) <-WINRUN(0) <-TWINDOW:ACTIVATE(1036) <-TAPPLICATION:ACTIVATE(264)
	------------------------------------------------------------	
04-03-2019 10:45:36: EXCESS RELEASE OF FONT MS Shell Dlg[ hFont : 0] ( nCount : -1 )
	 <-TFONT:END(285) <-TAPPLICATION:ACTIVATE(265) <-MAIN(30)
	------------------------------------------------------------	
04-03-2019 11:22:11: EXCESS RELEASE OF FONT MS Shell Dlg[ hFont : 0] ( nCount : 0 )
	 <-TFONT:END(285) <-TCONTROL:DESTROY(2139) <-TMSGBAR:DESTROY(311) <-TWINDOW:HANDLEEVENT(0) <-TMSGBAR:HANDLEEVENT(1731) <-_FWH(3325) <-WINRUN(0) <-TWINDOW:ACTIVATE(1036) <-TAPPLICATION:ACTIVATE(266)
	------------------------------------------------------------	
04-03-2019 11:22:11: EXCESS RELEASE OF FONT MS Shell Dlg[ hFont : 0] ( nCount : -1 )
	 <-TFONT:END(285) <-TAPPLICATION:ACTIVATE(267) <-MAIN(30)
	------------------------------------------------------------	
04-03-2019 11:25:28: EXCESS RELEASE OF FONT MS Shell Dlg[ hFont : 0] ( nCount : 0 )
	 <-TFONT:END(285) <-TCONTROL:DESTROY(2139) <-TMSGBAR:DESTROY(311) <-TWINDOW:HANDLEEVENT(0) <-TMSGBAR:HANDLEEVENT(1731) <-_FWH(3325) <-WINRUN(0) <-TWINDOW:ACTIVATE(1036) <-TAPPLICATION:ACTIVATE(266)
	------------------------------------------------------------	
04-03-2019 11:25:28: EXCESS RELEASE OF FONT MS Shell Dlg[ hFont : 0] ( nCount : -1 )
	 <-TFONT:END(285) <-TAPPLICATION:ACTIVATE(267) <-MAIN(30)
	------------------------------------------------------------	
04-03-2019 11:29:27: EXCESS RELEASE OF FONT MS Shell Dlg[ hFont : 0] ( nCount : 0 )
	 <-TFONT:END(285) <-TCONTROL:DESTROY(2139) <-TMSGBAR:DESTROY(311) <-TWINDOW:HANDLEEVENT(0) <-TMSGBAR:HANDLEEVENT(1731) <-_FWH(3325) <-WINRUN(0) <-TWINDOW:ACTIVATE(1036) <-TAPPLICATION:ACTIVATE(266)
	------------------------------------------------------------	
04-03-2019 11:29:27: EXCESS RELEASE OF FONT MS Shell Dlg[ hFont : 0] ( nCount : -1 )
	 <-TFONT:END(285) <-TAPPLICATION:ACTIVATE(267) <-MAIN(30)
	------------------------------------------------------------	
04-03-2019 12:00:05: EXCESS RELEASE OF FONT MS Shell Dlg[ hFont : 0] ( nCount : 0 )
	 <-TFONT:END(285) <-TCONTROL:DESTROY(2139) <-TMSGBAR:DESTROY(311) <-TWINDOW:HANDLEEVENT(0) <-TMSGBAR:HANDLEEVENT(1731) <-_FWH(3325) <-WINRUN(0) <-TWINDOW:ACTIVATE(1036) <-TAPPLICATION:ACTIVATE(266)
	------------------------------------------------------------	
04-03-2019 12:00:05: EXCESS RELEASE OF FONT MS Shell Dlg[ hFont : 0] ( nCount : -1 )
	 <-TFONT:END(285) <-TAPPLICATION:ACTIVATE(267) <-MAIN(30)
	------------------------------------------------------------	
04-03-2019 12:32:46: EXCESS RELEASE OF FONT MS Shell Dlg[ hFont : 0] ( nCount : 0 )
	 <-TFONT:END(285) <-TCONTROL:DESTROY(2139) <-TMSGBAR:DESTROY(311) <-TWINDOW:HANDLEEVENT(0) <-TMSGBAR:HANDLEEVENT(1731) <-_FWH(3325) <-WINRUN(0) <-TWINDOW:ACTIVATE(1036) <-TAPPLICATION:ACTIVATE(266)
	------------------------------------------------------------	
04-03-2019 12:32:46: EXCESS RELEASE OF FONT MS Shell Dlg[ hFont : 0] ( nCount : -1 )
	 <-TFONT:END(285) <-TAPPLICATION:ACTIVATE(267) <-MAIN(30)
	------------------------------------------------------------	
04-03-2019 12:34:04: EXCESS RELEASE OF FONT MS Shell Dlg[ hFont : 0] ( nCount : 0 )
	 <-TFONT:END(285) <-TCONTROL:DESTROY(2139) <-TMSGBAR:DESTROY(311) <-TWINDOW:HANDLEEVENT(0) <-TMSGBAR:HANDLEEVENT(1731) <-_FWH(3325) <-WINRUN(0) <-TWINDOW:ACTIVATE(1036) <-TAPPLICATION:ACTIVATE(266)
	------------------------------------------------------------	
04-03-2019 12:34:04: EXCESS RELEASE OF FONT MS Shell Dlg[ hFont : 0] ( nCount : -1 )
	 <-TFONT:END(285) <-TAPPLICATION:ACTIVATE(267) <-MAIN(30)
	------------------------------------------------------------	
04-03-2019 12:48:30: EXCESS RELEASE OF FONT MS Shell Dlg[ hFont : 0] ( nCount : 0 )
	 <-TFONT:END(285) <-TCONTROL:DESTROY(2139) <-TMSGBAR:DESTROY(311) <-TWINDOW:HANDLEEVENT(0) <-TMSGBAR:HANDLEEVENT(1731) <-_FWH(3325) <-WINRUN(0) <-TWINDOW:ACTIVATE(1036) <-TAPPLICATION:ACTIVATE(266)
	------------------------------------------------------------	
04-03-2019 12:48:30: EXCESS RELEASE OF FONT MS Shell Dlg[ hFont : 0] ( nCount : -1 )
	 <-TFONT:END(285) <-TAPPLICATION:ACTIVATE(267) <-MAIN(30)
	------------------------------------------------------------	
04-03-2019 12:50:50: EXCESS RELEASE OF FONT MS Shell Dlg[ hFont : 0] ( nCount : 0 )
	 <-TFONT:END(285) <-TCONTROL:DESTROY(2139) <-TMSGBAR:DESTROY(311) <-TWINDOW:HANDLEEVENT(0) <-TMSGBAR:HANDLEEVENT(1731) <-_FWH(3325) <-WINRUN(0) <-TWINDOW:ACTIVATE(1036) <-TAPPLICATION:ACTIVATE(266)
	------------------------------------------------------------	
04-03-2019 12:50:50: EXCESS RELEASE OF FONT MS Shell Dlg[ hFont : 0] ( nCount : -1 )
	 <-TFONT:END(285) <-TAPPLICATION:ACTIVATE(267) <-MAIN(30)
	------------------------------------------------------------	
04-03-2019 12:52:47: EXCESS RELEASE OF FONT MS Shell Dlg[ hFont : 0] ( nCount : 0 )
	 <-TFONT:END(285) <-TCONTROL:DESTROY(2139) <-TMSGBAR:DESTROY(311) <-TWINDOW:HANDLEEVENT(0) <-TMSGBAR:HANDLEEVENT(1731) <-_FWH(3325) <-WINRUN(0) <-TWINDOW:ACTIVATE(1036) <-TAPPLICATION:ACTIVATE(266)
	------------------------------------------------------------	
04-03-2019 12:52:47: EXCESS RELEASE OF FONT MS Shell Dlg[ hFont : 0] ( nCount : -1 )
	 <-TFONT:END(285) <-TAPPLICATION:ACTIVATE(267) <-MAIN(30)
	------------------------------------------------------------	
04-03-2019 12:53:29: EXCESS RELEASE OF FONT MS Shell Dlg[ hFont : 0] ( nCount : 0 )
	 <-TFONT:END(285) <-TCONTROL:DESTROY(2139) <-TMSGBAR:DESTROY(311) <-TWINDOW:HANDLEEVENT(0) <-TMSGBAR:HANDLEEVENT(1731) <-_FWH(3325) <-WINRUN(0) <-TWINDOW:ACTIVATE(1036) <-TAPPLICATION:ACTIVATE(266)
	------------------------------------------------------------	
04-03-2019 12:53:29: EXCESS RELEASE OF FONT MS Shell Dlg[ hFont : 0] ( nCount : -1 )
	 <-TFONT:END(285) <-TAPPLICATION:ACTIVATE(267) <-MAIN(30)
	------------------------------------------------------------	
04-03-2019 12:54:44: EXCESS RELEASE OF FONT MS Shell Dlg[ hFont : 0] ( nCount : 0 )
	 <-TFONT:END(285) <-TCONTROL:DESTROY(2139) <-TMSGBAR:DESTROY(311) <-TWINDOW:HANDLEEVENT(0) <-TMSGBAR:HANDLEEVENT(1731) <-_FWH(3325) <-WINRUN(0) <-TWINDOW:ACTIVATE(1036) <-TAPPLICATION:ACTIVATE(266)
	------------------------------------------------------------	
04-03-2019 12:54:44: EXCESS RELEASE OF FONT MS Shell Dlg[ hFont : 0] ( nCount : -1 )
	 <-TFONT:END(285) <-TAPPLICATION:ACTIVATE(267) <-MAIN(30)
	------------------------------------------------------------	
04-03-2019 12:56:10: EXCESS RELEASE OF FONT MS Shell Dlg[ hFont : 0] ( nCount : 0 )
	 <-TFONT:END(285) <-TCONTROL:DESTROY(2139) <-TMSGBAR:DESTROY(311) <-TWINDOW:HANDLEEVENT(0) <-TMSGBAR:HANDLEEVENT(1731) <-_FWH(3325) <-WINRUN(0) <-TWINDOW:ACTIVATE(1036) <-TAPPLICATION:ACTIVATE(266)
	------------------------------------------------------------	
04-03-2019 12:56:10: EXCESS RELEASE OF FONT MS Shell Dlg[ hFont : 0] ( nCount : -1 )
	 <-TFONT:END(285) <-TAPPLICATION:ACTIVATE(267) <-MAIN(30)
	------------------------------------------------------------	
08-04-2019 18:54:35: EXCESS RELEASE OF FONT MS Shell Dlg[ hFont : 0] ( nCount : 0 )
	 <-TFONT:END(285) <-TCONTROL:DESTROY(2139) <-TMSGBAR:DESTROY(311) <-TWINDOW:HANDLEEVENT(0) <-TMSGBAR:HANDLEEVENT(1731) <-_FWH(3325) <-WINRUN(0) <-TWINDOW:ACTIVATE(1036) <-TAPPLICATION:ACTIVATE(266)
	------------------------------------------------------------	
08-04-2019 18:54:35: EXCESS RELEASE OF FONT MS Shell Dlg[ hFont : 0] ( nCount : -1 )
	 <-TFONT:END(285) <-TAPPLICATION:ACTIVATE(267) <-MAIN(30)
	------------------------------------------------------------	
08-04-2019 18:57:05: EXCESS RELEASE OF FONT MS Shell Dlg[ hFont : 0] ( nCount : 0 )
	 <-TFONT:END(285) <-TCONTROL:DESTROY(2139) <-TMSGBAR:DESTROY(311) <-TWINDOW:HANDLEEVENT(0) <-TMSGBAR:HANDLEEVENT(1731) <-_FWH(3325) <-WINRUN(0) <-TWINDOW:ACTIVATE(1036) <-TAPPLICATION:ACTIVATE(266)
	------------------------------------------------------------	
08-04-2019 18:57:05: EXCESS RELEASE OF FONT MS Shell Dlg[ hFont : 0] ( nCount : -1 )
	 <-TFONT:END(285) <-TAPPLICATION:ACTIVATE(267) <-MAIN(30)
	------------------------------------------------------------	
08-04-2019 18:59:16: EXCESS RELEASE OF FONT MS Shell Dlg[ hFont : 0] ( nCount : 0 )
	 <-TFONT:END(285) <-TCONTROL:DESTROY(2139) <-TMSGBAR:DESTROY(311) <-TWINDOW:HANDLEEVENT(0) <-TMSGBAR:HANDLEEVENT(1731) <-_FWH(3325) <-WINRUN(0) <-TWINDOW:ACTIVATE(1036) <-TAPPLICATION:ACTIVATE(266)
	------------------------------------------------------------	
08-04-2019 18:59:16: EXCESS RELEASE OF FONT MS Shell Dlg[ hFont : 0] ( nCount : -1 )
	 <-TFONT:END(285) <-TAPPLICATION:ACTIVATE(267) <-MAIN(30)
	------------------------------------------------------------	
08-04-2019 19:00:07: EXCESS RELEASE OF FONT MS Shell Dlg[ hFont : 0] ( nCount : 0 )
	 <-TFONT:END(285) <-TCONTROL:DESTROY(2139) <-TMSGBAR:DESTROY(311) <-TWINDOW:HANDLEEVENT(0) <-TMSGBAR:HANDLEEVENT(1731) <-_FWH(3325) <-WINRUN(0) <-TWINDOW:ACTIVATE(1036) <-TAPPLICATION:ACTIVATE(266)
	------------------------------------------------------------	
08-04-2019 19:00:07: EXCESS RELEASE OF FONT MS Shell Dlg[ hFont : 0] ( nCount : -1 )
	 <-TFONT:END(285) <-TAPPLICATION:ACTIVATE(267) <-MAIN(30)
	------------------------------------------------------------	
08-04-2019 19:00:12: EXCESS RELEASE OF FONT MS Shell Dlg[ hFont : 0] ( nCount : 0 )
	 <-TFONT:END(285) <-TCONTROL:DESTROY(2139) <-TMSGBAR:DESTROY(311) <-TWINDOW:HANDLEEVENT(0) <-TMSGBAR:HANDLEEVENT(1731) <-_FWH(3325) <-WINRUN(0) <-TWINDOW:ACTIVATE(1036) <-TAPPLICATION:ACTIVATE(266)
	------------------------------------------------------------	
08-04-2019 19:00:12: EXCESS RELEASE OF FONT MS Shell Dlg[ hFont : 0] ( nCount : -1 )
	 <-TFONT:END(285) <-TAPPLICATION:ACTIVATE(267) <-MAIN(30)
	------------------------------------------------------------	
08-04-2019 20:24:15: EXCESS RELEASE OF FONT MS Shell Dlg[ hFont : 0] ( nCount : 0 )
	 <-TFONT:END(285) <-TCONTROL:DESTROY(2139) <-TMSGBAR:DESTROY(311) <-TWINDOW:HANDLEEVENT(0) <-TMSGBAR:HANDLEEVENT(1731) <-_FWH(3325) <-WINRUN(0) <-TWINDOW:ACTIVATE(1036) <-TAPPLICATION:ACTIVATE(266)
	------------------------------------------------------------	
08-04-2019 20:24:15: EXCESS RELEASE OF FONT MS Shell Dlg[ hFont : 0] ( nCount : -1 )
	 <-TFONT:END(285) <-TAPPLICATION:ACTIVATE(267) <-MAIN(30)
	------------------------------------------------------------	
08-04-2019 20:30:58: EXCESS RELEASE OF FONT MS Shell Dlg[ hFont : 0] ( nCount : 0 )
	 <-TFONT:END(285) <-TCONTROL:DESTROY(2139) <-TMSGBAR:DESTROY(311) <-TWINDOW:HANDLEEVENT(0) <-TMSGBAR:HANDLEEVENT(1731) <-_FWH(3325) <-WINRUN(0) <-TWINDOW:ACTIVATE(1036) <-TAPPLICATION:ACTIVATE(266)
	------------------------------------------------------------	
08-04-2019 20:30:58: EXCESS RELEASE OF FONT MS Shell Dlg[ hFont : 0] ( nCount : -1 )
	 <-TFONT:END(285) <-TAPPLICATION:ACTIVATE(267) <-MAIN(30)
	------------------------------------------------------------	
08-04-2019 20:32:26: EXCESS RELEASE OF FONT MS Shell Dlg[ hFont : 0] ( nCount : 0 )
	 <-TFONT:END(285) <-TCONTROL:DESTROY(2139) <-TMSGBAR:DESTROY(311) <-TWINDOW:HANDLEEVENT(0) <-TMSGBAR:HANDLEEVENT(1731) <-_FWH(3325) <-WINRUN(0) <-TWINDOW:ACTIVATE(1036) <-TAPPLICATION:ACTIVATE(266)
	------------------------------------------------------------	
08-04-2019 20:32:26: EXCESS RELEASE OF FONT MS Shell Dlg[ hFont : 0] ( nCount : -1 )
	 <-TFONT:END(285) <-TAPPLICATION:ACTIVATE(267) <-MAIN(30)
	------------------------------------------------------------	
10-04-2019 16:09:28: EXCESS RELEASE OF FONT MS Shell Dlg[ hFont : 0] ( nCount : 0 )
	 <-TFONT:END(285) <-TCONTROL:DESTROY(2139) <-TMSGBAR:DESTROY(311) <-TWINDOW:HANDLEEVENT(0) <-TMSGBAR:HANDLEEVENT(1731) <-_FWH(3325) <-WINRUN(0) <-TWINDOW:ACTIVATE(1036) <-TAPPLICATION:ACTIVATE(266)
	------------------------------------------------------------	
10-04-2019 16:09:28: EXCESS RELEASE OF FONT MS Shell Dlg[ hFont : 0] ( nCount : -1 )
	 <-TFONT:END(285) <-TAPPLICATION:ACTIVATE(267) <-MAIN(30)
	------------------------------------------------------------	
11-04-2019 12:55:15: EXCESS RELEASE OF FONT MS Shell Dlg[ hFont : 0] ( nCount : 0 )
	 <-TFONT:END(285) <-TCONTROL:DESTROY(2139) <-TMSGBAR:DESTROY(311) <-TWINDOW:HANDLEEVENT(0) <-TMSGBAR:HANDLEEVENT(1731) <-_FWH(3325) <-WINRUN(0) <-TWINDOW:ACTIVATE(1036) <-TAPPLICATION:ACTIVATE(266)
	------------------------------------------------------------	
11-04-2019 12:55:15: EXCESS RELEASE OF FONT MS Shell Dlg[ hFont : 0] ( nCount : -1 )
	 <-TFONT:END(285) <-TAPPLICATION:ACTIVATE(267) <-MAIN(30)
	------------------------------------------------------------	
11-04-2019 13:13:48: EXCESS RELEASE OF FONT MS Shell Dlg[ hFont : 0] ( nCount : 0 )
	 <-TFONT:END(285) <-TCONTROL:DESTROY(2139) <-TMSGBAR:DESTROY(311) <-TWINDOW:HANDLEEVENT(0) <-TMSGBAR:HANDLEEVENT(1731) <-_FWH(3325) <-WINRUN(0) <-TWINDOW:ACTIVATE(1036) <-TAPPLICATION:ACTIVATE(266)
	------------------------------------------------------------	
11-04-2019 13:13:48: EXCESS RELEASE OF FONT MS Shell Dlg[ hFont : 0] ( nCount : -1 )
	 <-TFONT:END(285) <-TAPPLICATION:ACTIVATE(267) <-MAIN(30)
	------------------------------------------------------------	
11-04-2019 15:02:15: EXCESS RELEASE OF FONT MS Shell Dlg[ hFont : 0] ( nCount : 0 )
	 <-TFONT:END(285) <-TMSGITEM:END(392) <-(b)TMSGBAR_DESTROY(300) <-AEVAL(0) <-TMSGBAR:DESTROY(300) <-TWINDOW:HANDLEEVENT(0) <-TMSGBAR:HANDLEEVENT(1731) <-_FWH(3325) <-WINRUN(0)
	------------------------------------------------------------	
11-04-2019 15:02:15: EXCESS RELEASE OF FONT MS Shell Dlg[ hFont : 0] ( nCount : -1 )
	 <-TFONT:END(285) <-TMSGITEM:END(392) <-(b)TMSGBAR_DESTROY(300) <-AEVAL(0) <-TMSGBAR:DESTROY(300) <-TWINDOW:HANDLEEVENT(0) <-TMSGBAR:HANDLEEVENT(1731) <-_FWH(3325) <-WINRUN(0)
	------------------------------------------------------------	
11-04-2019 15:02:15: EXCESS RELEASE OF FONT MS Shell Dlg[ hFont : 0] ( nCount : -2 )
	 <-TFONT:END(285) <-TCONTROL:DESTROY(2139) <-TMSGBAR:DESTROY(311) <-TWINDOW:HANDLEEVENT(0) <-TMSGBAR:HANDLEEVENT(1731) <-_FWH(3325) <-WINRUN(0) <-TWINDOW:ACTIVATE(1036) <-TAPPLICATION:ACTIVATE(266)
	------------------------------------------------------------	
11-04-2019 15:02:15: EXCESS RELEASE OF FONT MS Shell Dlg[ hFont : 0] ( nCount : -3 )
	 <-TFONT:END(285) <-TAPPLICATION:ACTIVATE(267) <-MAIN(30)
	------------------------------------------------------------	
11-04-2019 15:14:18: EXCESS RELEASE OF FONT MS Shell Dlg[ hFont : 0] ( nCount : 0 )
	 <-TFONT:END(285) <-TMSGITEM:END(392) <-(b)TMSGBAR_DESTROY(300) <-AEVAL(0) <-TMSGBAR:DESTROY(300) <-TWINDOW:HANDLEEVENT(0) <-TMSGBAR:HANDLEEVENT(1731) <-_FWH(3325) <-WINRUN(0)
	------------------------------------------------------------	
11-04-2019 15:14:18: EXCESS RELEASE OF FONT MS Shell Dlg[ hFont : 0] ( nCount : -1 )
	 <-TFONT:END(285) <-TCONTROL:DESTROY(2139) <-TMSGBAR:DESTROY(311) <-TWINDOW:HANDLEEVENT(0) <-TMSGBAR:HANDLEEVENT(1731) <-_FWH(3325) <-WINRUN(0) <-TWINDOW:ACTIVATE(1036) <-TAPPLICATION:ACTIVATE(266)
	------------------------------------------------------------	
11-04-2019 15:14:18: EXCESS RELEASE OF FONT MS Shell Dlg[ hFont : 0] ( nCount : -2 )
	 <-TFONT:END(285) <-TAPPLICATION:ACTIVATE(267) <-MAIN(30)
	------------------------------------------------------------	
11-04-2019 15:15:49: EXCESS RELEASE OF FONT MS Shell Dlg[ hFont : 0] ( nCount : 0 )
	 <-TFONT:END(285) <-TMSGITEM:END(392) <-(b)TMSGBAR_DESTROY(300) <-AEVAL(0) <-TMSGBAR:DESTROY(300) <-TWINDOW:HANDLEEVENT(0) <-TMSGBAR:HANDLEEVENT(1731) <-_FWH(3325) <-WINRUN(0)
	------------------------------------------------------------	
11-04-2019 15:15:49: EXCESS RELEASE OF FONT MS Shell Dlg[ hFont : 0] ( nCount : -1 )
	 <-TFONT:END(285) <-TMSGITEM:END(392) <-(b)TMSGBAR_DESTROY(300) <-AEVAL(0) <-TMSGBAR:DESTROY(300) <-TWINDOW:HANDLEEVENT(0) <-TMSGBAR:HANDLEEVENT(1731) <-_FWH(3325) <-WINRUN(0)
	------------------------------------------------------------	
11-04-2019 15:15:49: EXCESS RELEASE OF FONT MS Shell Dlg[ hFont : 0] ( nCount : -2 )
	 <-TFONT:END(285) <-TMSGITEM:END(392) <-(b)TMSGBAR_DESTROY(300) <-AEVAL(0) <-TMSGBAR:DESTROY(300) <-TWINDOW:HANDLEEVENT(0) <-TMSGBAR:HANDLEEVENT(1731) <-_FWH(3325) <-WINRUN(0)
	------------------------------------------------------------	
11-04-2019 15:15:49: EXCESS RELEASE OF FONT MS Shell Dlg[ hFont : 0] ( nCount : -3 )
	 <-TFONT:END(285) <-TCONTROL:DESTROY(2139) <-TMSGBAR:DESTROY(311) <-TWINDOW:HANDLEEVENT(0) <-TMSGBAR:HANDLEEVENT(1731) <-_FWH(3325) <-WINRUN(0) <-TWINDOW:ACTIVATE(1036) <-TAPPLICATION:ACTIVATE(266)
	------------------------------------------------------------	
11-04-2019 15:15:49: EXCESS RELEASE OF FONT MS Shell Dlg[ hFont : 0] ( nCount : -4 )
	 <-TFONT:END(285) <-TAPPLICATION:ACTIVATE(267) <-MAIN(30)
	------------------------------------------------------------	
29-04-2019 19:35:50: EXCESS RELEASE OF FONT MS Shell Dlg[ hFont : 0] ( nCount : 0 )
	 <-TFONT:END(285) <-TCONTROL:DESTROY(2139) <-TMSGBAR:DESTROY(311) <-TWINDOW:HANDLEEVENT(0) <-TMSGBAR:HANDLEEVENT(1731) <-_FWH(3325) <-WINRUN(0) <-TWINDOW:ACTIVATE(1036) <-TAPPLICATION:ACTIVATE(267)
	------------------------------------------------------------	
29-04-2019 19:35:50: EXCESS RELEASE OF FONT MS Shell Dlg[ hFont : 0] ( nCount : -1 )
	 <-TFONT:END(285) <-TAPPLICATION:ACTIVATE(268) <-MAIN(30)
	------------------------------------------------------------	
29-04-2019 19:35:54: EXCESS RELEASE OF FONT MS Shell Dlg[ hFont : 0] ( nCount : 0 )
	 <-TFONT:END(285) <-TCONTROL:DESTROY(2139) <-TMSGBAR:DESTROY(311) <-TWINDOW:HANDLEEVENT(0) <-TMSGBAR:HANDLEEVENT(1731) <-_FWH(3325) <-WINRUN(0) <-TWINDOW:ACTIVATE(1036) <-TAPPLICATION:ACTIVATE(267)
	------------------------------------------------------------	
29-04-2019 19:35:54: EXCESS RELEASE OF FONT MS Shell Dlg[ hFont : 0] ( nCount : -1 )
	 <-TFONT:END(285) <-TAPPLICATION:ACTIVATE(268) <-MAIN(30)
	------------------------------------------------------------	
10-07-2019 09:34:25: EXCESS RELEASE OF FONT MS Shell Dlg[ hFont : 0] ( nCount : 0 )
	 <-TFONT:END(289) <-TCONTROL:DESTROY(2280) <-TMSGBAR:DESTROY(334) <-TWINDOW:HANDLEEVENT(0) <-TMSGBAR:HANDLEEVENT(1801) <-_FWH(3546) <-WINRUN(0) <-TWINDOW:ACTIVATE(1078) <-TAPPLICATION:ACTIVATE(267)
	------------------------------------------------------------	
10-07-2019 09:34:25: EXCESS RELEASE OF FONT MS Shell Dlg[ hFont : 0] ( nCount : -1 )
	 <-TFONT:END(289) <-TAPPLICATION:ACTIVATE(268) <-MAIN(30)
	------------------------------------------------------------	
10-07-2019 09:34:28: EXCESS RELEASE OF FONT MS Shell Dlg[ hFont : 0] ( nCount : 0 )
	 <-TFONT:END(289) <-TCONTROL:DESTROY(2280) <-TMSGBAR:DESTROY(334) <-TWINDOW:HANDLEEVENT(0) <-TMSGBAR:HANDLEEVENT(1801) <-_FWH(3546) <-WINRUN(0) <-TWINDOW:ACTIVATE(1078) <-TAPPLICATION:ACTIVATE(267)
	------------------------------------------------------------	
10-07-2019 09:34:28: EXCESS RELEASE OF FONT MS Shell Dlg[ hFont : 0] ( nCount : -1 )
	 <-TFONT:END(289) <-TAPPLICATION:ACTIVATE(268) <-MAIN(30)
	------------------------------------------------------------	
10-07-2019 09:37:10: EXCESS RELEASE OF FONT MS Shell Dlg[ hFont : 0] ( nCount : 0 )
	 <-TFONT:END(289) <-TCONTROL:DESTROY(2280) <-TMSGBAR:DESTROY(334) <-TWINDOW:HANDLEEVENT(0) <-TMSGBAR:HANDLEEVENT(1801) <-_FWH(3546) <-WINRUN(0) <-TWINDOW:ACTIVATE(1078) <-TAPPLICATION:ACTIVATE(267)
	------------------------------------------------------------	
10-07-2019 09:37:10: EXCESS RELEASE OF FONT MS Shell Dlg[ hFont : 0] ( nCount : -1 )
	 <-TFONT:END(289) <-TAPPLICATION:ACTIVATE(268) <-MAIN(30)
	------------------------------------------------------------	
10-07-2019 09:56:56: EXCESS RELEASE OF FONT MS Shell Dlg[ hFont : 0] ( nCount : 0 )
	 <-TFONT:END(289) <-TCONTROL:DESTROY(2280) <-TMSGBAR:DESTROY(334) <-TWINDOW:HANDLEEVENT(0) <-TMSGBAR:HANDLEEVENT(1801) <-_FWH(3546) <-WINRUN(0) <-TWINDOW:ACTIVATE(1078) <-TAPPLICATION:ACTIVATE(267)
	------------------------------------------------------------	
10-07-2019 09:56:56: EXCESS RELEASE OF FONT MS Shell Dlg[ hFont : 0] ( nCount : -1 )
	 <-TFONT:END(289) <-TAPPLICATION:ACTIVATE(268) <-MAIN(30)
	------------------------------------------------------------	
10-07-2019 11:44:42: EXCESS RELEASE OF FONT MS Shell Dlg[ hFont : 0] ( nCount : 0 )
	 <-TFONT:END(289) <-TCONTROL:DESTROY(2280) <-TMSGBAR:DESTROY(334) <-TWINDOW:HANDLEEVENT(0) <-TMSGBAR:HANDLEEVENT(1801) <-_FWH(3546) <-WINRUN(0) <-TWINDOW:ACTIVATE(1078) <-TAPPLICATION:ACTIVATE(267)
	------------------------------------------------------------	
10-07-2019 11:44:42: EXCESS RELEASE OF FONT MS Shell Dlg[ hFont : 0] ( nCount : -1 )
	 <-TFONT:END(289) <-TAPPLICATION:ACTIVATE(268) <-MAIN(30)
	------------------------------------------------------------	
10-07-2019 11:48:17: EXCESS RELEASE OF FONT MS Shell Dlg[ hFont : 0] ( nCount : 0 )
	 <-TFONT:END(289) <-TCONTROL:DESTROY(2280) <-TMSGBAR:DESTROY(334) <-TWINDOW:HANDLEEVENT(0) <-TMSGBAR:HANDLEEVENT(1801) <-_FWH(3546) <-WINRUN(0) <-TWINDOW:ACTIVATE(1078) <-TAPPLICATION:ACTIVATE(267)
	------------------------------------------------------------	
10-07-2019 11:48:17: EXCESS RELEASE OF FONT MS Shell Dlg[ hFont : 0] ( nCount : -1 )
	 <-TFONT:END(289) <-TAPPLICATION:ACTIVATE(268) <-MAIN(30)
	------------------------------------------------------------	
10-07-2019 11:51:26: EXCESS RELEASE OF FONT MS Shell Dlg[ hFont : 0] ( nCount : 0 )
	 <-TFONT:END(289) <-TMSGITEM:END(403) <-(b)TMSGBAR_DESTROY(323) <-AEVAL(0) <-TMSGBAR:DESTROY(323) <-TWINDOW:HANDLEEVENT(0) <-TMSGBAR:HANDLEEVENT(1801) <-_FWH(3546) <-WINRUN(0)
	------------------------------------------------------------	
10-07-2019 11:51:26: EXCESS RELEASE OF FONT MS Shell Dlg[ hFont : 0] ( nCount : -1 )
	 <-TFONT:END(289) <-TCONTROL:DESTROY(2280) <-TMSGBAR:DESTROY(334) <-TWINDOW:HANDLEEVENT(0) <-TMSGBAR:HANDLEEVENT(1801) <-_FWH(3546) <-WINRUN(0) <-TWINDOW:ACTIVATE(1078) <-TAPPLICATION:ACTIVATE(267)
	------------------------------------------------------------	
10-07-2019 11:51:26: EXCESS RELEASE OF FONT MS Shell Dlg[ hFont : 0] ( nCount : -2 )
	 <-TFONT:END(289) <-TAPPLICATION:ACTIVATE(268) <-MAIN(30)
	------------------------------------------------------------	
10-07-2019 11:56:44: EXCESS RELEASE OF FONT MS Shell Dlg[ hFont : 0] ( nCount : 0 )
	 <-TFONT:END(289) <-TCONTROL:DESTROY(2280) <-TMSGBAR:DESTROY(334) <-TWINDOW:HANDLEEVENT(0) <-TMSGBAR:HANDLEEVENT(1801) <-_FWH(3546) <-WINRUN(0) <-TWINDOW:ACTIVATE(1078) <-TAPPLICATION:ACTIVATE(267)
	------------------------------------------------------------	
10-07-2019 11:56:44: EXCESS RELEASE OF FONT MS Shell Dlg[ hFont : 0] ( nCount : -1 )
	 <-TFONT:END(289) <-TAPPLICATION:ACTIVATE(268) <-MAIN(30)
	------------------------------------------------------------	
10-07-2019 11:58:26: EXCESS RELEASE OF FONT MS Shell Dlg[ hFont : 0] ( nCount : 0 )
	 <-TFONT:END(289) <-TMSGITEM:END(403) <-(b)TMSGBAR_DESTROY(323) <-AEVAL(0) <-TMSGBAR:DESTROY(323) <-TWINDOW:HANDLEEVENT(0) <-TMSGBAR:HANDLEEVENT(1801) <-_FWH(3546) <-WINRUN(0)
	------------------------------------------------------------	
10-07-2019 11:58:26: EXCESS RELEASE OF FONT MS Shell Dlg[ hFont : 0] ( nCount : -1 )
	 <-TFONT:END(289) <-TMSGITEM:END(403) <-(b)TMSGBAR_DESTROY(323) <-AEVAL(0) <-TMSGBAR:DESTROY(323) <-TWINDOW:HANDLEEVENT(0) <-TMSGBAR:HANDLEEVENT(1801) <-_FWH(3546) <-WINRUN(0)
	------------------------------------------------------------	
10-07-2019 11:58:26: EXCESS RELEASE OF FONT MS Shell Dlg[ hFont : 0] ( nCount : -2 )
	 <-TFONT:END(289) <-TCONTROL:DESTROY(2280) <-TMSGBAR:DESTROY(334) <-TWINDOW:HANDLEEVENT(0) <-TMSGBAR:HANDLEEVENT(1801) <-_FWH(3546) <-WINRUN(0) <-TWINDOW:ACTIVATE(1078) <-TAPPLICATION:ACTIVATE(267)
	------------------------------------------------------------	
10-07-2019 11:58:26: EXCESS RELEASE OF FONT MS Shell Dlg[ hFont : 0] ( nCount : -3 )
	 <-TFONT:END(289) <-TAPPLICATION:ACTIVATE(268) <-MAIN(30)
	------------------------------------------------------------	
10-07-2019 12:29:02: EXCESS RELEASE OF FONT MS Shell Dlg[ hFont : 0] ( nCount : 0 )
	 <-TFONT:END(289) <-TCONTROL:DESTROY(2280) <-TMSGBAR:DESTROY(334) <-TWINDOW:HANDLEEVENT(0) <-TMSGBAR:HANDLEEVENT(1801) <-_FWH(3546) <-WINRUN(0) <-TWINDOW:ACTIVATE(1078) <-TAPPLICATION:ACTIVATE(267)
	------------------------------------------------------------	
10-07-2019 12:29:02: EXCESS RELEASE OF FONT MS Shell Dlg[ hFont : 0] ( nCount : -1 )
	 <-TFONT:END(289) <-TAPPLICATION:ACTIVATE(268) <-MAIN(30)
	------------------------------------------------------------	
10-07-2019 16:36:23: EXCESS RELEASE OF FONT MS Shell Dlg[ hFont : 0] ( nCount : 0 )
	 <-TFONT:END(289) <-TCONTROL:DESTROY(2280) <-TMSGBAR:DESTROY(334) <-TWINDOW:HANDLEEVENT(0) <-TMSGBAR:HANDLEEVENT(1801) <-_FWH(3546) <-WINRUN(0) <-TWINDOW:ACTIVATE(1078) <-TAPPLICATION:ACTIVATE(267)
	------------------------------------------------------------	
10-07-2019 16:36:23: EXCESS RELEASE OF FONT MS Shell Dlg[ hFont : 0] ( nCount : -1 )
	 <-TFONT:END(289) <-TAPPLICATION:ACTIVATE(268) <-MAIN(30)
	------------------------------------------------------------	
21-08-2019 09:32:12: EXCESS RELEASE OF FONT MS Shell Dlg[ hFont : 0] ( nCount : 0 )
	 <-TFONT:END(289) <-TMSGITEM:END(403) <-(b)TMSGBAR_DESTROY(323) <-AEVAL(0) <-TMSGBAR:DESTROY(323) <-TWINDOW:HANDLEEVENT(0) <-TMSGBAR:HANDLEEVENT(1801) <-_FWH(3546) <-WINRUN(0)
	------------------------------------------------------------	
21-08-2019 09:32:12: EXCESS RELEASE OF FONT MS Shell Dlg[ hFont : 0] ( nCount : -1 )
	 <-TFONT:END(289) <-TMSGITEM:END(403) <-(b)TMSGBAR_DESTROY(323) <-AEVAL(0) <-TMSGBAR:DESTROY(323) <-TWINDOW:HANDLEEVENT(0) <-TMSGBAR:HANDLEEVENT(1801) <-_FWH(3546) <-WINRUN(0)
	------------------------------------------------------------	
21-08-2019 09:32:12: EXCESS RELEASE OF FONT MS Shell Dlg[ hFont : 0] ( nCount : -2 )
	 <-TFONT:END(289) <-TCONTROL:DESTROY(2280) <-TMSGBAR:DESTROY(334) <-TWINDOW:HANDLEEVENT(0) <-TMSGBAR:HANDLEEVENT(1801) <-_FWH(3546) <-WINRUN(0) <-TWINDOW:ACTIVATE(1078) <-TAPPLICATION:ACTIVATE(239)
	------------------------------------------------------------	
21-08-2019 09:32:12: EXCESS RELEASE OF FONT MS Shell Dlg[ hFont : 0] ( nCount : -3 )
	 <-TFONT:END(289) <-TAPPLICATION:ACTIVATE(240) <-MAIN(30)
	------------------------------------------------------------	
21-08-2019 09:32:36: EXCESS RELEASE OF FONT MS Shell Dlg[ hFont : 0] ( nCount : 0 )
	 <-TFONT:END(289) <-TCONTROL:DESTROY(2280) <-TMSGBAR:DESTROY(334) <-TWINDOW:HANDLEEVENT(0) <-TMSGBAR:HANDLEEVENT(1801) <-_FWH(3546) <-WINRUN(0) <-TWINDOW:ACTIVATE(1078) <-TAPPLICATION:ACTIVATE(239)
	------------------------------------------------------------	
21-08-2019 09:32:36: EXCESS RELEASE OF FONT MS Shell Dlg[ hFont : 0] ( nCount : -1 )
	 <-TFONT:END(289) <-TAPPLICATION:ACTIVATE(240) <-MAIN(30)
	------------------------------------------------------------	
